生成启动时间为 2017/5/12 15:54:06。
     1>项目“D:\WorkSpace\MyCode\formatData\VC\formatData\formatData\formatData.vcxproj”在节点 2 上(build 个目标)。
     1>InitializeBuildStatus:
         正在创建“Debug\formatData.unsuccessfulbuild”，因为已指定“AlwaysCreate”。
       ClCompile:
         所有输出均为最新。
         c:\Program Files (x86)\Microsoft Visual Studio 10.0\VC\bin\CL.exe /c /ZI /nologo /W3 /WX- /Od /Oy- /D WIN32 /D _DEBUG /D _CONSOLE /D _UNICODE /D UNICODE /Gm /EHsc /RTC1 /MDd /GS /fp:precise /Zc:wchar_t /Zc:forScope /Yu"StdAfx.h" /Fp"Debug\formatData.pch" /Fo"Debug\\" /Fd"Debug\vc100.pdb" /Gd /TP /analyze- /errorReport:prompt formatData.cpp
         formatData.cpp
     1>d:\workspace\mycode\formatdata\vc\formatdata\formatdata\formatdata.cpp(830): warning C4101: “offset”: 未引用的局部变量
     1>d:\workspace\mycode\formatdata\vc\formatdata\formatdata\formatdata.cpp(895): warning C4996: 'fopen': This function or variable may be unsafe. Consider using fopen_s instead. To disable deprecation, use _CRT_SECURE_NO_WARNINGS. See online help for details.
                 c:\program files (x86)\microsoft visual studio 10.0\vc\include\stdio.h(234) : 参见“fopen”的声明
       Link:
         c:\Program Files (x86)\Microsoft Visual Studio 10.0\VC\bin\link.exe /ERRORREPORT:PROMPT /OUT:"D:\WorkSpace\MyCode\formatData\VC\formatData\Debug\formatData.exe" /INCREMENTAL /NOLOGO kernel32.lib user32.lib gdi32.lib winspool.lib comdlg32.lib advapi32.lib shell32.lib ole32.lib oleaut32.lib uuid.lib odbc32.lib odbccp32.lib /MANIFEST:NO /DEBUG /PDB:"D:\WorkSpace\MyCode\formatData\VC\formatData\Debug\formatData.pdb" /SUBSYSTEM:CONSOLE /TLBID:1 /DYNAMICBASE /NXCOMPAT /IMPLIB:"D:\WorkSpace\MyCode\formatData\VC\formatData\Debug\formatData.lib" /MACHINE:X86 Debug\formatData.obj
         Debug\stdafx.obj
         formatData.vcxproj -> D:\WorkSpace\MyCode\formatData\VC\formatData\Debug\formatData.exe
       FinalizeBuildStatus:
         正在删除文件“Debug\formatData.unsuccessfulbuild”。
         正在对“Debug\formatData.lastbuildstate”执行 Touch 任务。
     1>已完成生成项目“D:\WorkSpace\MyCode\formatData\VC\formatData\formatData\formatData.vcxproj”(build 个目标)的操作。

生成成功。

已用时间 00:00:00.60
