D:\WORKSPACE\MYCODE\FORMATDATA\VC\FORMATDATA\DEBUG\FORMATDATA.EXE
D:\WORKSPACE\MYCODE\FORMATDATA\VC\FORMATDATA\DEBUG\FORMATDATA.ILK
D:\WORKSPACE\MYCODE\FORMATDATA\VC\FORMATDATA\DEBUG\FORMATDATA.PDB
D:\WorkSpace\MyCode\formatData\VC\formatData\formatData\Debug\cl.command.1.tlog
D:\WorkSpace\MyCode\formatData\VC\formatData\formatData\Debug\CL.read.1.tlog
D:\WorkSpace\MyCode\formatData\VC\formatData\formatData\Debug\CL.write.1.tlog
D:\WorkSpace\MyCode\formatData\VC\formatData\formatData\Debug\formatData.exe.embed.manifest
D:\WORKSPACE\MYCODE\FORMATDATA\VC\FORMATDATA\FORMATDATA\DEBUG\FORMATDATA.EXE.EMBED.MANIFEST.RES
D:\WORKSPACE\MYCODE\FORMATDATA\VC\FORMATDATA\FORMATDATA\DEBUG\FORMATDATA.OBJ
D:\WORKSPACE\MYCODE\FORMATDATA\VC\FORMATDATA\FORMATDATA\DEBUG\FORMATDATA.PCH
D:\WorkSpace\MyCode\formatData\VC\formatData\formatData\Debug\formatData.vcxprojResolveAssemblyReference.cache
D:\WorkSpace\MyCode\formatData\VC\formatData\formatData\Debug\formatData.write.1.tlog
D:\WorkSpace\MyCode\formatData\VC\formatData\formatData\Debug\formatData_manifest.rc
D:\WorkSpace\MyCode\formatData\VC\formatData\formatData\Debug\link.7564.read.1.tlog
D:\WorkSpace\MyCode\formatData\VC\formatData\formatData\Debug\link.7564.write.1.tlog
D:\WorkSpace\MyCode\formatData\VC\formatData\formatData\Debug\link.8840.read.1.tlog
D:\WorkSpace\MyCode\formatData\VC\formatData\formatData\Debug\link.8840.write.1.tlog
D:\WorkSpace\MyCode\formatData\VC\formatData\formatData\Debug\link.command.1.tlog
D:\WorkSpace\MyCode\formatData\VC\formatData\formatData\Debug\link.read.1.tlog
D:\WorkSpace\MyCode\formatData\VC\formatData\formatData\Debug\link.write.1.tlog
D:\WorkSpace\MyCode\formatData\VC\formatData\formatData\Debug\rc.command.1.tlog
D:\WorkSpace\MyCode\formatData\VC\formatData\formatData\Debug\rc.read.1.tlog
D:\WorkSpace\MyCode\formatData\VC\formatData\formatData\Debug\rc.write.1.tlog
D:\WORKSPACE\MYCODE\FORMATDATA\VC\FORMATDATA\FORMATDATA\DEBUG\STDAFX.OBJ
D:\WorkSpace\MyCode\formatData\VC\formatData\formatData\Debug\vc100.idb
D:\WORKSPACE\MYCODE\FORMATDATA\VC\FORMATDATA\FORMATDATA\DEBUG\VC100.PDB
